0 info it worked if it ends with ok
1 verbose cli [ 'node',
1 verbose cli   '/usr/local/bin/npm',
1 verbose cli   'install',
1 verbose cli   '-g',
1 verbose cli   'cookie-signature' ]
2 info using npm@1.4.28
3 info using node@v0.10.33
4 verbose cache add [ 'cookie-signature', null ]
5 verbose cache add name=undefined spec="cookie-signature" args=["cookie-signature",null]
6 verbose parsed url { protocol: null,
6 verbose parsed url   slashes: null,
6 verbose parsed url   auth: null,
6 verbose parsed url   host: null,
6 verbose parsed url   port: null,
6 verbose parsed url   hostname: null,
6 verbose parsed url   hash: null,
6 verbose parsed url   search: null,
6 verbose parsed url   query: null,
6 verbose parsed url   pathname: 'cookie-signature',
6 verbose parsed url   path: 'cookie-signature',
6 verbose parsed url   href: 'cookie-signature' }
7 silly lockFile b31be04c-cookie-signature cookie-signature
8 verbose lock cookie-signature /Users/mariopersonal/.npm/b31be04c-cookie-signature.lock
9 silly lockFile b31be04c-cookie-signature cookie-signature
10 silly lockFile b31be04c-cookie-signature cookie-signature
11 verbose addNamed [ 'cookie-signature', '' ]
12 verbose addNamed [ null, '*' ]
13 silly lockFile b55ea334-cookie-signature cookie-signature@
14 verbose lock cookie-signature@ /Users/mariopersonal/.npm/b55ea334-cookie-signature.lock
15 silly addNameRange { name: 'cookie-signature', range: '*', hasData: false }
16 verbose request where is /cookie-signature
17 verbose request registry https://registry.npmjs.org/
18 verbose request id 3557a043605d8b3d
19 verbose url raw /cookie-signature
20 verbose url resolving [ 'https://registry.npmjs.org/', './cookie-signature' ]
21 verbose url resolved https://registry.npmjs.org/cookie-signature
22 verbose request where is https://registry.npmjs.org/cookie-signature
23 info trying registry request attempt 1 at 22:27:04
24 verbose etag "EJ3YREUJMB0OWNKTJ5E05YJRG"
25 http GET https://registry.npmjs.org/cookie-signature
26 http 304 https://registry.npmjs.org/cookie-signature
27 silly registry.get cb [ 304,
27 silly registry.get   { date: 'Thu, 18 Dec 2014 22:27:04 GMT',
27 silly registry.get     server: 'Apache',
27 silly registry.get     via: '1.1 varnish',
27 silly registry.get     'last-modified': 'Thu, 18 Dec 2014 22:27:04 GMT',
27 silly registry.get     'cache-control': 'max-age=60',
27 silly registry.get     etag: '"EJ3YREUJMB0OWNKTJ5E05YJRG"',
27 silly registry.get     age: '57',
27 silly registry.get     'x-served-by': 'cache-lcy1131-LCY',
27 silly registry.get     'x-cache': 'HIT',
27 silly registry.get     'x-cache-hits': '1',
27 silly registry.get     'x-timer': 'S1418941624.324092,VS0,VE0',
27 silly registry.get     vary: 'Accept',
27 silly registry.get     'content-length': '0',
27 silly registry.get     'keep-alive': 'timeout=10, max=50',
27 silly registry.get     connection: 'Keep-Alive' } ]
28 verbose etag https://registry.npmjs.org/cookie-signature from cache
29 silly addNameRange number 2 { name: 'cookie-signature', range: '*', hasData: true }
30 silly addNameRange versions [ 'cookie-signature',
30 silly addNameRange   [ '0.0.1', '1.0.0', '1.0.1', '1.0.2', '1.0.3', '1.0.4', '1.0.5' ] ]
31 verbose addNamed [ 'cookie-signature', '1.0.5' ]
32 verbose addNamed [ '1.0.5', '1.0.5' ]
33 silly lockFile b564bb98-cookie-signature-1-0-5 cookie-signature@1.0.5
34 verbose lock cookie-signature@1.0.5 /Users/mariopersonal/.npm/b564bb98-cookie-signature-1-0-5.lock
35 silly lockFile b564bb98-cookie-signature-1-0-5 cookie-signature@1.0.5
36 silly lockFile b564bb98-cookie-signature-1-0-5 cookie-signature@1.0.5
37 silly lockFile b55ea334-cookie-signature cookie-signature@
38 silly lockFile b55ea334-cookie-signature cookie-signature@
39 silly resolved [ { name: 'cookie-signature',
39 silly resolved     version: '1.0.5',
39 silly resolved     description: 'Sign and unsign cookies',
39 silly resolved     keywords: [ 'cookie', 'sign', 'unsign' ],
39 silly resolved     author: { name: 'TJ Holowaychuk', email: 'tj@learnboost.com' },
39 silly resolved     license: 'MIT',
39 silly resolved     repository:
39 silly resolved      { type: 'git',
39 silly resolved        url: 'https://github.com/visionmedia/node-cookie-signature.git' },
39 silly resolved     dependencies: {},
39 silly resolved     devDependencies: { mocha: '*', should: '*' },
39 silly resolved     main: 'index',
39 silly resolved     gitHead: '73ed69b511b3ef47555d71b4ed1deea9e5ed6e1f',
39 silly resolved     bugs: { url: 'https://github.com/visionmedia/node-cookie-signature/issues' },
39 silly resolved     homepage: 'https://github.com/visionmedia/node-cookie-signature',
39 silly resolved     _id: 'cookie-signature@1.0.5',
39 silly resolved     scripts: {},
39 silly resolved     _shasum: 'a122e3f1503eca0f5355795b0711bb2368d450f9',
39 silly resolved     _from: 'cookie-signature@',
39 silly resolved     _npmVersion: '1.4.20',
39 silly resolved     _npmUser: { name: 'natevw', email: 'natevw@yahoo.com' },
39 silly resolved     maintainers: [ [Object], [Object] ],
39 silly resolved     dist:
39 silly resolved      { shasum: 'a122e3f1503eca0f5355795b0711bb2368d450f9',
39 silly resolved        tarball: 'http://registry.npmjs.org/cookie-signature/-/cookie-signature-1.0.5.tgz' },
39 silly resolved     directories: {},
39 silly resolved     _resolved: 'https://registry.npmjs.org/cookie-signature/-/cookie-signature-1.0.5.tgz',
39 silly resolved     readme: 'ERROR: No README data found!' } ]
40 info install cookie-signature@1.0.5 into /usr/local/lib
41 info installOne cookie-signature@1.0.5
42 verbose lib/node_modules/cookie-signature unbuild
43 verbose tar unpack /Users/mariopersonal/.npm/cookie-signature/1.0.5/package.tgz
44 silly lockFile 11a1202d-ib-node-modules-cookie-signature tar:///usr/local/lib/node_modules/cookie-signature
45 verbose lock tar:///usr/local/lib/node_modules/cookie-signature /Users/mariopersonal/.npm/11a1202d-ib-node-modules-cookie-signature.lock
46 silly lockFile 4f0f6c21-okie-signature-1-0-5-package-tgz tar:///Users/mariopersonal/.npm/cookie-signature/1.0.5/package.tgz
47 verbose lock tar:///Users/mariopersonal/.npm/cookie-signature/1.0.5/package.tgz /Users/mariopersonal/.npm/4f0f6c21-okie-signature-1-0-5-package-tgz.lock
48 silly gunzTarPerm modes [ '755', '644' ]
49 error Error: EACCES, mkdir '/usr/local/lib/node_modules/cookie-signature'
49 error  { [Error: EACCES, mkdir '/usr/local/lib/node_modules/cookie-signature']
49 error   errno: 3,
49 error   code: 'EACCES',
49 error   path: '/usr/local/lib/node_modules/cookie-signature',
49 error   fstream_type: 'Directory',
49 error   fstream_path: '/usr/local/lib/node_modules/cookie-signature',
49 error   fstream_class: 'DirWriter',
49 error   fstream_stack:
49 error    [ '/usr/local/lib/node_modules/npm/node_modules/fstream/lib/dir-writer.js:36:23',
49 error      '/usr/local/lib/node_modules/npm/node_modules/mkdirp/index.js:46:53',
49 error      'Object.oncomplete (fs.js:107:15)' ] }
50 error Please try running this command again as root/Administrator.
51 error System Darwin 14.0.0
52 error command "node" "/usr/local/bin/npm" "install" "-g" "cookie-signature"
53 error cwd /Users/mariopersonal/Documents/dev/agile-sp
54 error node -v v0.10.33
55 error npm -v 1.4.28
56 error path /usr/local/lib/node_modules/cookie-signature
57 error fstream_path /usr/local/lib/node_modules/cookie-signature
58 error fstream_type Directory
59 error fstream_class DirWriter
60 error code EACCES
61 error errno 3
62 error stack Error: EACCES, mkdir '/usr/local/lib/node_modules/cookie-signature'
63 error fstream_stack /usr/local/lib/node_modules/npm/node_modules/fstream/lib/dir-writer.js:36:23
63 error fstream_stack /usr/local/lib/node_modules/npm/node_modules/mkdirp/index.js:46:53
63 error fstream_stack Object.oncomplete (fs.js:107:15)
64 verbose exit [ 3, true ]
